<?xml version="1.0" encoding="UTF-8"?>
<!-- Generated by org.testng.reporters.JUnitXMLReporter -->
<testsuite hostname="HP-Supernova" ignored="0" name="SignUp_DDT(failed)" tests="3" failures="3" timestamp="2020-01-02T23:40:13 IST" time="46.55" errors="0">
  <testcase name="createAccountOnBewakoof" time="10.018" classname="com.bewkoof.testCases.TC_SignUp_DDT_004">
    <failure type="java.lang.AssertionError" message=" Test Failed Becasue may be mobile number,mailId is already used did not expect to find [true] but found [false]">
      <![CDATA[java.lang.AssertionError:  Test Failed Becasue may be mobile number,mailId is already used did not expect to find [true] but found [false]
at com.bewkoof.testCases.TC_SignUp_DDT_004.createAccountOnBewakoof(TC_SignUp_DDT_004.java:91)
at java.util.ArrayList.forEach(Unknown Source)
... Removed 30 stack frames]]>
    </failure>
  </testcase> <!-- createAccountOnBewakoof -->
  <testcase name="createAccountOnBewakoof" time="9.686" classname="com.bewkoof.testCases.TC_SignUp_DDT_004">
    <failure type="java.lang.AssertionError" message=" Test Failed Becasue may be mobile number,mailId is already used did not expect to find [true] but found [false]">
      <![CDATA[java.lang.AssertionError:  Test Failed Becasue may be mobile number,mailId is already used did not expect to find [true] but found [false]
at com.bewkoof.testCases.TC_SignUp_DDT_004.createAccountOnBewakoof(TC_SignUp_DDT_004.java:91)
at java.util.ArrayList.forEach(Unknown Source)
... Removed 30 stack frames]]>
    </failure>
  </testcase> <!-- createAccountOnBewakoof -->
  <testcase name="createAccountOnBewakoof" time="9.284" classname="com.bewkoof.testCases.TC_SignUp_DDT_004">
    <failure type="java.lang.AssertionError" message=" Test Failed Becasue may be mobile number,mailId is already used did not expect to find [true] but found [false]">
      <![CDATA[java.lang.AssertionError:  Test Failed Becasue may be mobile number,mailId is already used did not expect to find [true] but found [false]
at com.bewkoof.testCases.TC_SignUp_DDT_004.createAccountOnBewakoof(TC_SignUp_DDT_004.java:91)
at java.util.ArrayList.forEach(Unknown Source)
... Removed 30 stack frames]]>
    </failure>
  </testcase> <!-- createAccountOnBewakoof -->
</testsuite> <!-- SignUp_DDT(failed) -->
