<?xml version="1.0" encoding="UTF-8"?>
<!-- Generated by org.testng.reporters.JUnitXMLReporter -->
<testsuite hostname="HP-Supernova" ignored="0" name="LoginDDT" tests="5" failures="3" timestamp="2020-01-02T23:19:49 IST" time="56.106" errors="0">
  <testcase name="loginIntoBewakoof" time="4.198" classname="com.bewkoof.testCases.TC_LoginDDT_003">
    <failure type="java.lang.AssertionError" message=" Test Failed Because Email is not Correct(Invalid Email Id did not expect to find [true] but found [false]">
      <![CDATA[java.lang.AssertionError:  Test Failed Because Email is not Correct(Invalid Email Id did not expect to find [true] but found [false]
at com.bewkoof.testCases.TC_LoginDDT_003.loginIntoBewakoof(TC_LoginDDT_003.java:83)
at java.util.ArrayList.forEach(Unknown Source)
... Removed 30 stack frames]]>
    </failure>
  </testcase> <!-- loginIntoBewakoof -->
  <testcase name="loginIntoBewakoof" time="5.724" classname="com.bewkoof.testCases.TC_LoginDDT_003"/>
  <testcase name="loginIntoBewakoof" time="4.854" classname="com.bewkoof.testCases.TC_LoginDDT_003">
    <failure type="java.lang.AssertionError" message=" Test Failed Because Password is not Matched(Invalid Password did not expect to find [true] but found [false]">
      <![CDATA[java.lang.AssertionError:  Test Failed Because Password is not Matched(Invalid Password did not expect to find [true] but found [false]
at com.bewkoof.testCases.TC_LoginDDT_003.loginIntoBewakoof(TC_LoginDDT_003.java:68)
at java.util.ArrayList.forEach(Unknown Source)
... Removed 30 stack frames]]>
    </failure>
  </testcase> <!-- loginIntoBewakoof -->
  <testcase name="loginIntoBewakoof" time="3.831" classname="com.bewkoof.testCases.TC_LoginDDT_003">
    <failure type="java.lang.AssertionError" message=" Test Failed Because Password is not Matched(Invalid Password did not expect to find [true] but found [false]">
      <![CDATA[java.lang.AssertionError:  Test Failed Because Password is not Matched(Invalid Password did not expect to find [true] but found [false]
at com.bewkoof.testCases.TC_LoginDDT_003.loginIntoBewakoof(TC_LoginDDT_003.java:68)
at java.util.ArrayList.forEach(Unknown Source)
... Removed 30 stack frames]]>
    </failure>
  </testcase> <!-- loginIntoBewakoof -->
  <testcase name="loginIntoBewakoof" time="13.401" classname="com.bewkoof.testCases.TC_LoginDDT_003"/>
</testsuite> <!-- LoginDDT -->
