<?xml version="1.0" encoding="UTF-8"?>
<!-- Generated by org.testng.reporters.JUnitXMLReporter -->
<testsuite hostname="HP-Supernova" ignored="0" name="ProductToCart" tests="5" failures="0" timestamp="2019-12-29T01:00:58 IST" time="29.865" errors="0">
  <testcase name="loginIntoBewakoof" time="4.865" classname="com.bewkoof.testCases.TC_ProductCartTest_002"/>
  <testcase name="searchProduct" time="3.379" classname="com.bewkoof.testCases.TC_ProductCartTest_002"/>
  <testcase name="productAddToCart" time="5.757" classname="com.bewkoof.testCases.TC_ProductCartTest_002"/>
  <testcase name="goToHome" time="0.198" classname="com.bewkoof.testCases.TC_ProductCartTest_002"/>
  <testcase name="logoutFromApplication" time="1.973" classname="com.bewkoof.testCases.TC_ProductCartTest_002"/>
</testsuite> <!-- ProductToCart -->
